Using pre-set license
Built from '2022.3/staging' branch; Version is '2022.3.31f1 (4ede2d13e8b4) revision 5168685'; Using compiler version '192829333'; Build Type 'Release'
OS: 'Windows 11  (10.0.22631) 64bit Professional' Language: 'en' Physical Memory: 16071 MB
BatchMode: 1, IsHumanControllingUs: 0, StartBugReporterOnCrash: 0, Is64bit: 1, IsPro: 1

COMMAND LINE ARGUMENTS:
C:\Program Files\Unity\Hub\Editor\2022.3.31f1\Editor\Unity.exe
-adb2
-batchMode
-noUpm
-name
AssetImportWorker10
-projectPath
C:/Users/Pongo/OneDrive/Documents/GameDev/WPG3/Mandala-Uireng/Mandala-Uireng
-logFile
Logs/AssetImportWorker10.log
-srvPort
50616
Successfully changed project path to: C:/Users/Pongo/OneDrive/Documents/GameDev/WPG3/Mandala-Uireng/Mandala-Uireng
C:/Users/Pongo/OneDrive/Documents/GameDev/WPG3/Mandala-Uireng/Mandala-Uireng
[UnityMemory] Configuration Parameters - Can be set up in boot.config
    "memorysetup-bucket-allocator-granularity=16"
    "memorysetup-bucket-allocator-bucket-count=8"
    "memorysetup-bucket-allocator-block-size=33554432"
    "memorysetup-bucket-allocator-block-count=8"
    "memorysetup-main-allocator-block-size=16777216"
    "memorysetup-thread-allocator-block-size=16777216"
    "memorysetup-gfx-main-allocator-block-size=16777216"
    "memorysetup-gfx-thread-allocator-block-size=16777216"
    "memorysetup-cache-allocator-block-size=4194304"
    "memorysetup-typetree-allocator-block-size=2097152"
    "memorysetup-profiler-bucket-allocator-granularity=16"
    "memorysetup-profiler-bucket-allocator-bucket-count=8"
    "memorysetup-profiler-bucket-allocator-block-size=33554432"
    "memorysetup-profiler-bucket-allocator-block-count=8"
    "memorysetup-profiler-allocator-block-size=16777216"
    "memorysetup-profiler-editor-allocator-block-size=1048576"
    "memorysetup-temp-allocator-size-main=16777216"
    "memorysetup-job-temp-allocator-block-size=2097152"
    "memorysetup-job-temp-allocator-block-size-background=1048576"
    "memorysetup-job-temp-allocator-reduction-small-platforms=262144"
    "memorysetup-allocator-temp-initial-block-size-main=262144"
    "memorysetup-allocator-temp-initial-block-size-worker=262144"
    "memorysetup-temp-allocator-size-background-worker=32768"
    "memorysetup-temp-allocator-size-job-worker=262144"
    "memorysetup-temp-allocator-size-preload-manager=33554432"
    "memorysetup-temp-allocator-size-nav-mesh-worker=65536"
    "memorysetup-temp-allocator-size-audio-worker=65536"
    "memorysetup-temp-allocator-size-cloud-worker=32768"
    "memorysetup-temp-allocator-size-gi-baking-worker=262144"
    "memorysetup-temp-allocator-size-gfx=262144"
Player connection [23420] Host "[IP] 192.168.0.123 [Port] 0 [Flags] 2 [Guid] 3584348965 [EditorId] 3584348965 [Version] 1048832 [Id] WindowsEditor(7,Tegar) [Debug] 1 [PackageName] WindowsEditor [ProjectName] Editor" joined multi-casting on [225.0.0.222:54997]...

Player connection [23420] Host "[IP] 192.168.0.123 [Port] 0 [Flags] 2 [Guid] 3584348965 [EditorId] 3584348965 [Version] 1048832 [Id] WindowsEditor(7,Tegar) [Debug] 1 [PackageName] WindowsEditor [ProjectName] Editor" joined alternative multi-casting on [225.0.0.222:34997]...

[PhysX] Initialized MultithreadedTaskDispatcher with 16 workers.
Refreshing native plugins compatible for Editor in 6.51 ms, found 3 plugins.
Preloading 0 native plugins for Editor in 0.00 ms.
Initialize engine version: 2022.3.31f1 (4ede2d13e8b4)
[Subsystems] Discovering subsystems at path C:/Program Files/Unity/Hub/Editor/2022.3.31f1/Editor/Data/Resources/UnitySubsystems
[Subsystems] Discovering subsystems at path C:/Users/Pongo/OneDrive/Documents/GameDev/WPG3/Mandala-Uireng/Mandala-Uireng/Assets
GfxDevice: creating device client; threaded=0; jobified=0
Direct3D:
    Version:  Direct3D 11.0 [level 11.1]
    Renderer: NVIDIA GeForce RTX 2050 (ID=0x25ad)
    Vendor:   NVIDIA
    VRAM:     3977 MB
    Driver:   31.0.15.3753
Initialize mono
Mono path[0] = 'C:/Program Files/Unity/Hub/Editor/2022.3.31f1/Editor/Data/Managed'
Mono path[1] = 'C:/Program Files/Unity/Hub/Editor/2022.3.31f1/Editor/Data/MonoBleedingEdge/lib/mono/unityjit-win32'
Mono config path = 'C:/Program Files/Unity/Hub/Editor/2022.3.31f1/Editor/Data/MonoBleedingEdge/etc'
Using monoOptions --debugger-agent=transport=dt_socket,embedding=1,server=y,suspend=n,address=127.0.0.1:56056
Begin MonoManager ReloadAssembly
Registering precompiled unity dll's ...
Register platform support module: C:/Program Files/Unity/Hub/Editor/2022.3.31f1/Editor/Data/PlaybackEngines/WindowsStandaloneSupport/UnityEditor.WindowsStandalone.Extensions.dll
Registered in 0.006395 seconds.
- Loaded All Assemblies, in  0.393 seconds
Native extension for WindowsStandalone target not found
Mono: successfully reloaded assembly
- Finished resetting the current domain, in  0.278 seconds
Domain Reload Profiling: 670ms
	BeginReloadAssembly (154ms)
		ExecutionOrderSort (0ms)
		DisableScriptedObjects (0ms)
		BackupInstance (0ms)
		ReleaseScriptingObjects (0ms)
		CreateAndSetChildDomain (1ms)
	RebuildCommonClasses (31ms)
	RebuildNativeTypeToScriptingClass (9ms)
	initialDomainReloadingComplete (51ms)
	LoadAllAssembliesAndSetupDomain (145ms)
		LoadAssemblies (153ms)
		RebuildTransferFunctionScriptingTraits (0ms)
		AnalyzeDomain (144ms)
			TypeCache.Refresh (142ms)
				TypeCache.ScanAssembly (127ms)
			ScanForSourceGeneratedMonoScriptInfo (0ms)
			ResolveRequiredComponents (1ms)
	FinalizeReload (278ms)
		ReleaseScriptCaches (0ms)
		RebuildScriptCaches (0ms)
		SetupLoadedEditorAssemblies (222ms)
			LogAssemblyErrors (0ms)
			InitializePlatformSupportModulesInManaged (8ms)
			SetLoadedEditorAssemblies (9ms)
			RefreshPlugins (0ms)
			BeforeProcessingInitializeOnLoad (2ms)
			ProcessInitializeOnLoadAttributes (152ms)
			ProcessInitializeOnLoadMethodAttributes (51ms)
			AfterProcessingInitializeOnLoad (0ms)
			EditorAssembliesLoaded (0ms)
		ExecutionOrderSort2 (0ms)
		AwakeInstancesAfterBackupRestoration (0ms)
========================================================================
Worker process is ready to serve import requests
Begin MonoManager ReloadAssembly
- Loaded All Assemblies, in  0.554 seconds
Refreshing native plugins compatible for Editor in 3.70 ms, found 3 plugins.
Native extension for WindowsStandalone target not found
Package Manager log level set to [2]
[Package Manager] Server::EnsureServerProcessIsRunning -- launch failed, reason: Unity was launched with the -noUpm command-line argument
[Package Manager] UpmClient::Send -- Unable to send message (not connected to UPM process).
[Package Manager] Cannot connect to Unity Package Manager local server
Mono: successfully reloaded assembly
- Finished resetting the current domain, in  0.658 seconds
Domain Reload Profiling: 1210ms
	BeginReloadAssembly (115ms)
		ExecutionOrderSort (0ms)
		DisableScriptedObjects (4ms)
		BackupInstance (0ms)
		ReleaseScriptingObjects (0ms)
		CreateAndSetChildDomain (15ms)
	RebuildCommonClasses (23ms)
	RebuildNativeTypeToScriptingClass (7ms)
	initialDomainReloadingComplete (31ms)
	LoadAllAssembliesAndSetupDomain (376ms)
		LoadAssemblies (312ms)
		RebuildTransferFunctionScriptingTraits (0ms)
		AnalyzeDomain (134ms)
			TypeCache.Refresh (111ms)
				TypeCache.ScanAssembly (100ms)
			ScanForSourceGeneratedMonoScriptInfo (15ms)
			ResolveRequiredComponents (7ms)
	FinalizeReload (658ms)
		ReleaseScriptCaches (0ms)
		RebuildScriptCaches (0ms)
		SetupLoadedEditorAssemblies (540ms)
			LogAssemblyErrors (0ms)
			InitializePlatformSupportModulesInManaged (4ms)
			SetLoadedEditorAssemblies (2ms)
			RefreshPlugins (0ms)
			BeforeProcessingInitializeOnLoad (48ms)
			ProcessInitializeOnLoadAttributes (441ms)
			ProcessInitializeOnLoadMethodAttributes (41ms)
			AfterProcessingInitializeOnLoad (4ms)
			EditorAssembliesLoaded (0ms)
		ExecutionOrderSort2 (0ms)
		AwakeInstancesAfterBackupRestoration (5ms)
Launched and connected shader compiler UnityShaderCompiler.exe after 0.03 seconds
Refreshing native plugins compatible for Editor in 2.39 ms, found 3 plugins.
Preloading 0 native plugins for Editor in 0.00 ms.
Unloading 4935 Unused Serialized files (Serialized files now loaded: 0)
Unloading 66 unused Assets / (347.4 KB). Loaded Objects now: 5397.
Memory consumption went from 229.1 MB to 228.8 MB.
Total: 3.110300 ms (FindLiveObjects: 0.281900 ms CreateObjectMapping: 0.144600 ms MarkObjects: 2.516900 ms  DeleteObjects: 0.166200 ms)

AssetImportParameters requested are different than current active one (requested -> active):
  custom:container-demuxer-ogg: 62fdf1f143b41e24485cea50d1cbac27 -> 
  custom:video-codec-MediaFoundation-h265: 746d11721c4dcdbdad8f713fa42b33f4 -> 
  custom:video-decoder-ogg-theora: a1e56fd34408186e4bbccfd4996cb3dc -> 
  custom:framework-win-MediaFoundation: 216162199b28c13a410421893ffa2e32 -> 
  custom:CustomObjectIndexerAttribute: 72b91833f83ae208fae7752999fa3104 -> 
  custom:container-demuxer-webm: 4f35f7cbe854078d1ac9338744f61a02 -> 
  custom:container-muxer-webm: aa71ff27fc2769a1b78a27578f13a17b -> 
  custom:video-decoder-webm-vp8: 9c59270c3fd7afecdb556c50c9e8de78 -> 
  custom:SearchIndexIgnoredProperties: e643bd26f0fe6173181afceb89e7c659 -> 
  custom:AudioImporter_EditorPlatform: d09bf68614088b80899f8185d706f6e7 -> 
  custom:video-encoder-webm-vp8: eb34c28f22e8b96e1ab97ce403110664 -> 
  custom:audio-decoder-ogg-vorbis: bf7c407c2cedff20999df2af8eb42d56 -> 
  custom:audio-encoder-webm-vorbis: bf7c407c2cedff20999df2af8eb42d56 -> 
========================================================================
Received Import Request.
  Time since last request: 48413.448407 seconds.
  path: Assets/QA_Books/Models/Materials/BooksA_mtl.mat
  artifactKey: Guid(158e5675bb3289b48b0e3c75d10a6ff1) Importer(815301076,1909f56bfc062723c751e8b465ee728b)
Start importing Assets/QA_Books/Models/Materials/BooksA_mtl.mat using Guid(158e5675bb3289b48b0e3c75d10a6ff1) Importer(815301076,1909f56bfc062723c751e8b465ee728b) [PhysX] Initialized MultithreadedTaskDispatcher with 16 workers.
[PhysX] Initialized MultithreadedTaskDispatcher with 16 workers.
 -> (artifact id: '6c3f28377ed5d99989168bf30730f641') in 0.285476 seconds
Number of updated asset objects reloaded before import = 0
Number of asset objects unloaded after import = 6
========================================================================
Received Import Request.
  Time since last request: 4.279915 seconds.
  path: Assets/QA_Books/Textures/Books_m_ao_g.tga
  artifactKey: Guid(4f1d74881a0aee8468b847c4222906db) Importer(815301076,1909f56bfc062723c751e8b465ee728b)
Start importing Assets/QA_Books/Textures/Books_m_ao_g.tga using Guid(4f1d74881a0aee8468b847c4222906db) Importer(815301076,1909f56bfc062723c751e8b465ee728b) [PhysX] Initialized MultithreadedTaskDispatcher with 16 workers.
[PhysX] Initialized MultithreadedTaskDispatcher with 16 workers.
 -> (artifact id: '9dcb0580270f15266f2fca72d9de54dc') in 0.054154 seconds
Number of updated asset objects reloaded before import = 0
Number of asset objects unloaded after import = 2
========================================================================
Received Import Request.
  Time since last request: 0.000023 seconds.
  path: Assets/QA_Books/Textures/BooksA_n.tga
  artifactKey: Guid(0d19b33d6e0d94a4097e5daaa08a5d48) Importer(815301076,1909f56bfc062723c751e8b465ee728b)
Start importing Assets/QA_Books/Textures/BooksA_n.tga using Guid(0d19b33d6e0d94a4097e5daaa08a5d48) Importer(815301076,1909f56bfc062723c751e8b465ee728b) [PhysX] Initialized MultithreadedTaskDispatcher with 16 workers.
[PhysX] Initialized MultithreadedTaskDispatcher with 16 workers.
 -> (artifact id: '15e86ad290a5c6db03d55bb2443e3674') in 0.030714 seconds
Number of updated asset objects reloaded before import = 0
Number of asset objects unloaded after import = 2
========================================================================
Received Import Request.
  Time since last request: 29.261649 seconds.
  path: Assets/QA_Books/Prefabs/Book_02.prefab
  artifactKey: Guid(7eeab333ed7416f498139b2846cbb10d) Importer(815301076,1909f56bfc062723c751e8b465ee728b)
Start importing Assets/QA_Books/Prefabs/Book_02.prefab using Guid(7eeab333ed7416f498139b2846cbb10d) Importer(815301076,1909f56bfc062723c751e8b465ee728b) [PhysX] Initialized MultithreadedTaskDispatcher with 16 workers.
[PhysX] Initialized MultithreadedTaskDispatcher with 16 workers.
 -> (artifact id: '6beca83843291c87274379c3a630f7cf') in 0.035691 seconds
Number of updated asset objects reloaded before import = 0
Number of asset objects unloaded after import = 13
========================================================================
Received Import Request.
  Time since last request: 0.000035 seconds.
  path: Assets/QA_Books/Prefabs/Book_08.prefab
  artifactKey: Guid(10f98680396ab2044bd7bf1218606516) Importer(815301076,1909f56bfc062723c751e8b465ee728b)
Start importing Assets/QA_Books/Prefabs/Book_08.prefab using Guid(10f98680396ab2044bd7bf1218606516) Importer(815301076,1909f56bfc062723c751e8b465ee728b) [PhysX] Initialized MultithreadedTaskDispatcher with 16 workers.
[PhysX] Initialized MultithreadedTaskDispatcher with 16 workers.
 -> (artifact id: '8d10d4a1c05a921e77144aedc962fa3f') in 0.055542 seconds
Number of updated asset objects reloaded before import = 0
Number of asset objects unloaded after import = 13
========================================================================
Received Import Request.
  Time since last request: 0.000041 seconds.
  path: Assets/QA_Books/Prefabs/Book_10.prefab
  artifactKey: Guid(1a462e7be4e492c42a318ecaa51de6e9) Importer(815301076,1909f56bfc062723c751e8b465ee728b)
Start importing Assets/QA_Books/Prefabs/Book_10.prefab using Guid(1a462e7be4e492c42a318ecaa51de6e9) Importer(815301076,1909f56bfc062723c751e8b465ee728b) [PhysX] Initialized MultithreadedTaskDispatcher with 16 workers.
[PhysX] Initialized MultithreadedTaskDispatcher with 16 workers.
 -> (artifact id: '9e07d6e0e6f7c5b5f99351c0e9fdbb03') in 0.041475 seconds
Number of updated asset objects reloaded before import = 0
Number of asset objects unloaded after import = 13
========================================================================
Received Import Request.
  Time since last request: 0.000023 seconds.
  path: Assets/QA_Books/Prefabs/Book_24.prefab
  artifactKey: Guid(9892017200d0cc94d88831a60a2060b0) Importer(815301076,1909f56bfc062723c751e8b465ee728b)
Start importing Assets/QA_Books/Prefabs/Book_24.prefab using Guid(9892017200d0cc94d88831a60a2060b0) Importer(815301076,1909f56bfc062723c751e8b465ee728b) [PhysX] Initialized MultithreadedTaskDispatcher with 16 workers.
[PhysX] Initialized MultithreadedTaskDispatcher with 16 workers.
 -> (artifact id: '60c9ce47617e2fd8928312eef1fbcc65') in 0.024215 seconds
Number of updated asset objects reloaded before import = 0
Number of asset objects unloaded after import = 13
========================================================================
Received Import Request.
  Time since last request: 0.000028 seconds.
  path: Assets/QA_Books/Prefabs/Book_40.prefab
  artifactKey: Guid(bf3d1b965adae8a458c3e89db971211a) Importer(815301076,1909f56bfc062723c751e8b465ee728b)
Start importing Assets/QA_Books/Prefabs/Book_40.prefab using Guid(bf3d1b965adae8a458c3e89db971211a) Importer(815301076,1909f56bfc062723c751e8b465ee728b) [PhysX] Initialized MultithreadedTaskDispatcher with 16 workers.
[PhysX] Initialized MultithreadedTaskDispatcher with 16 workers.
 -> (artifact id: 'ff6e6fb0b118aaedcc7eccc3f44bb9a1') in 0.022634 seconds
Number of updated asset objects reloaded before import = 0
Number of asset objects unloaded after import = 13
========================================================================
Received Import Request.
  Time since last request: 0.000025 seconds.
  path: Assets/QA_Books/Prefabs/Book_48.prefab
  artifactKey: Guid(1a07456d67796204ea7678dbe6cfe362) Importer(815301076,1909f56bfc062723c751e8b465ee728b)
Start importing Assets/QA_Books/Prefabs/Book_48.prefab using Guid(1a07456d67796204ea7678dbe6cfe362) Importer(815301076,1909f56bfc062723c751e8b465ee728b) [PhysX] Initialized MultithreadedTaskDispatcher with 16 workers.
[PhysX] Initialized MultithreadedTaskDispatcher with 16 workers.
 -> (artifact id: 'b2e287644fa7a897023197151946f0b5') in 0.022620 seconds
Number of updated asset objects reloaded before import = 0
Number of asset objects unloaded after import = 13
========================================================================
Received Import Request.
  Time since last request: 0.000024 seconds.
  path: Assets/QA_Books/Prefabs/Book_29.prefab
  artifactKey: Guid(e67c8e956fbecc349b4e8470d5ae65c6) Importer(815301076,1909f56bfc062723c751e8b465ee728b)
Start importing Assets/QA_Books/Prefabs/Book_29.prefab using Guid(e67c8e956fbecc349b4e8470d5ae65c6) Importer(815301076,1909f56bfc062723c751e8b465ee728b) [PhysX] Initialized MultithreadedTaskDispatcher with 16 workers.
[PhysX] Initialized MultithreadedTaskDispatcher with 16 workers.
 -> (artifact id: '3fb8a8eccc6b12f0ee4ec00781ed6365') in 0.024594 seconds
Number of updated asset objects reloaded before import = 0
Number of asset objects unloaded after import = 13
========================================================================
Received Import Request.
  Time since last request: 0.000026 seconds.
  path: Assets/QA_Books/Prefabs/Book_41.prefab
  artifactKey: Guid(5cc3acbf92ca1414f9e5202c88903015) Importer(815301076,1909f56bfc062723c751e8b465ee728b)
Start importing Assets/QA_Books/Prefabs/Book_41.prefab using Guid(5cc3acbf92ca1414f9e5202c88903015) Importer(815301076,1909f56bfc062723c751e8b465ee728b) [PhysX] Initialized MultithreadedTaskDispatcher with 16 workers.
[PhysX] Initialized MultithreadedTaskDispatcher with 16 workers.
 -> (artifact id: '309ec5841d96583faca00167345a983e') in 0.022596 seconds
Number of updated asset objects reloaded before import = 0
Number of asset objects unloaded after import = 13
========================================================================
Received Import Request.
  Time since last request: 0.000024 seconds.
  path: Assets/QA_Books/Prefabs/Book_49.prefab
  artifactKey: Guid(5d4db5d6c438345449a490b952d41908) Importer(815301076,1909f56bfc062723c751e8b465ee728b)
Start importing Assets/QA_Books/Prefabs/Book_49.prefab using Guid(5d4db5d6c438345449a490b952d41908) Importer(815301076,1909f56bfc062723c751e8b465ee728b) [PhysX] Initialized MultithreadedTaskDispatcher with 16 workers.
[PhysX] Initialized MultithreadedTaskDispatcher with 16 workers.
 -> (artifact id: '437b8aadb1b26f913693626b13fdc718') in 0.024856 seconds
Number of updated asset objects reloaded before import = 0
Number of asset objects unloaded after import = 13
========================================================================
Received Import Request.
  Time since last request: 0.000023 seconds.
  path: Assets/QA_Books/Prefabs/Book_23.prefab
  artifactKey: Guid(a143fa61fa75c1948b865ebba53b13cd) Importer(815301076,1909f56bfc062723c751e8b465ee728b)
Start importing Assets/QA_Books/Prefabs/Book_23.prefab using Guid(a143fa61fa75c1948b865ebba53b13cd) Importer(815301076,1909f56bfc062723c751e8b465ee728b) [PhysX] Initialized MultithreadedTaskDispatcher with 16 workers.
[PhysX] Initialized MultithreadedTaskDispatcher with 16 workers.
 -> (artifact id: 'f7fdd4780e735da1053f128df036a4c0') in 0.025181 seconds
Number of updated asset objects reloaded before import = 0
Number of asset objects unloaded after import = 13
========================================================================
Received Import Request.
  Time since last request: 0.000044 seconds.
  path: Assets/QA_Books/Prefabs/Book_15.prefab
  artifactKey: Guid(afa8cf251f4d24d4bac5124efaae45f4) Importer(815301076,1909f56bfc062723c751e8b465ee728b)
Start importing Assets/QA_Books/Prefabs/Book_15.prefab using Guid(afa8cf251f4d24d4bac5124efaae45f4) Importer(815301076,1909f56bfc062723c751e8b465ee728b) [PhysX] Initialized MultithreadedTaskDispatcher with 16 workers.
[PhysX] Initialized MultithreadedTaskDispatcher with 16 workers.
 -> (artifact id: 'f441d07f31f7ac13d55cc962b5d3fd42') in 0.024730 seconds
Number of updated asset objects reloaded before import = 0
Number of asset objects unloaded after import = 13
========================================================================
Received Import Request.
  Time since last request: 0.000021 seconds.
  path: Assets/QA_Books/Prefabs/Book_11.prefab
  artifactKey: Guid(c33441093f64d17408edb5fff22c8b3d) Importer(815301076,1909f56bfc062723c751e8b465ee728b)
Start importing Assets/QA_Books/Prefabs/Book_11.prefab using Guid(c33441093f64d17408edb5fff22c8b3d) Importer(815301076,1909f56bfc062723c751e8b465ee728b) [PhysX] Initialized MultithreadedTaskDispatcher with 16 workers.
[PhysX] Initialized MultithreadedTaskDispatcher with 16 workers.
 -> (artifact id: '811307deb80872203dc25d4613ebda77') in 0.025375 seconds
Number of updated asset objects reloaded before import = 0
Number of asset objects unloaded after import = 13
========================================================================
Received Import Request.
  Time since last request: 0.000022 seconds.
  path: Assets/QA_Books/Prefabs/Book_38.prefab
  artifactKey: Guid(8d3390da787d3844bbc4bcde9ca169ab) Importer(815301076,1909f56bfc062723c751e8b465ee728b)
Start importing Assets/QA_Books/Prefabs/Book_38.prefab using Guid(8d3390da787d3844bbc4bcde9ca169ab) Importer(815301076,1909f56bfc062723c751e8b465ee728b) [PhysX] Initialized MultithreadedTaskDispatcher with 16 workers.
[PhysX] Initialized MultithreadedTaskDispatcher with 16 workers.
 -> (artifact id: 'bd7a9cf0740ea894471ea8793c00b843') in 0.025234 seconds
Number of updated asset objects reloaded before import = 0
Number of asset objects unloaded after import = 13
========================================================================
Received Import Request.
  Time since last request: 0.000026 seconds.
  path: Assets/QA_Books/Prefabs/Book_16.prefab
  artifactKey: Guid(b9cc39342554d8f4b876f442e992b119) Importer(815301076,1909f56bfc062723c751e8b465ee728b)
Start importing Assets/QA_Books/Prefabs/Book_16.prefab using Guid(b9cc39342554d8f4b876f442e992b119) Importer(815301076,1909f56bfc062723c751e8b465ee728b) [PhysX] Initialized MultithreadedTaskDispatcher with 16 workers.
[PhysX] Initialized MultithreadedTaskDispatcher with 16 workers.
 -> (artifact id: 'ec3ceb634db720348f049212a5ba4f90') in 0.026250 seconds
Number of updated asset objects reloaded before import = 0
Number of asset objects unloaded after import = 13
========================================================================
Received Import Request.
  Time since last request: 0.000032 seconds.
  path: Assets/QA_Books/Prefabs/Book_42.prefab
  artifactKey: Guid(813e9023ddcc5404c907e6d25b69f28c) Importer(815301076,1909f56bfc062723c751e8b465ee728b)
Start importing Assets/QA_Books/Prefabs/Book_42.prefab using Guid(813e9023ddcc5404c907e6d25b69f28c) Importer(815301076,1909f56bfc062723c751e8b465ee728b) [PhysX] Initialized MultithreadedTaskDispatcher with 16 workers.
[PhysX] Initialized MultithreadedTaskDispatcher with 16 workers.
 -> (artifact id: '7e0f605c1b66ecb886fa39d3107b291a') in 0.025137 seconds
Number of updated asset objects reloaded before import = 0
Number of asset objects unloaded after import = 13
========================================================================
Received Import Request.
  Time since last request: 0.000023 seconds.
  path: Assets/QA_Books/Prefabs/Book_60.prefab
  artifactKey: Guid(76b8ffd7ef9a0dd448a25ba7816f7f28) Importer(815301076,1909f56bfc062723c751e8b465ee728b)
Start importing Assets/QA_Books/Prefabs/Book_60.prefab using Guid(76b8ffd7ef9a0dd448a25ba7816f7f28) Importer(815301076,1909f56bfc062723c751e8b465ee728b) [PhysX] Initialized MultithreadedTaskDispatcher with 16 workers.
[PhysX] Initialized MultithreadedTaskDispatcher with 16 workers.
 -> (artifact id: '4599094ecee9bef8c4bfe1506c147234') in 0.024780 seconds
Number of updated asset objects reloaded before import = 0
Number of asset objects unloaded after import = 13
========================================================================
Received Import Request.
  Time since last request: 0.000034 seconds.
  path: Assets/QA_Books/Prefabs/Book_57.prefab
  artifactKey: Guid(c9af877c9e2ef964baffd5ad3713c982) Importer(815301076,1909f56bfc062723c751e8b465ee728b)
Start importing Assets/QA_Books/Prefabs/Book_57.prefab using Guid(c9af877c9e2ef964baffd5ad3713c982) Importer(815301076,1909f56bfc062723c751e8b465ee728b) [PhysX] Initialized MultithreadedTaskDispatcher with 16 workers.
[PhysX] Initialized MultithreadedTaskDispatcher with 16 workers.
 -> (artifact id: 'a948467844e2f35afbaf4829f1675b80') in 0.024073 seconds
Number of updated asset objects reloaded before import = 0
Number of asset objects unloaded after import = 13
========================================================================
Received Import Request.
  Time since last request: 0.000035 seconds.
  path: Assets/QA_Books/Prefabs/Book_34.prefab
  artifactKey: Guid(930d7b1a750d2f144a91ab60fca13b78) Importer(815301076,1909f56bfc062723c751e8b465ee728b)
Start importing Assets/QA_Books/Prefabs/Book_34.prefab using Guid(930d7b1a750d2f144a91ab60fca13b78) Importer(815301076,1909f56bfc062723c751e8b465ee728b) [PhysX] Initialized MultithreadedTaskDispatcher with 16 workers.
[PhysX] Initialized MultithreadedTaskDispatcher with 16 workers.
 -> (artifact id: '5cfdb61c8bc21481dd7df84926460e92') in 0.022876 seconds
Number of updated asset objects reloaded before import = 0
Number of asset objects unloaded after import = 13
Editor requested this worker to shutdown with reason: Scaling down because of idle timeout
TcpMessagingSession - receive error: operation aborted. errorcode: 995, details: The I/O operation has been aborted because of either a thread exit or an application request.
AssetImportWorker is now disconnected from the server
Process exiting
Exiting without the bug reporter. Application will terminate with return code 0