Using pre-set license
Built from '2022.3/staging' branch; Version is '2022.3.31f1 (4ede2d13e8b4) revision 5168685'; Using compiler version '192829333'; Build Type 'Release'
OS: 'Windows 11  (10.0.22631) 64bit Professional' Language: 'en' Physical Memory: 16071 MB
BatchMode: 1, IsHumanControllingUs: 0, StartBugReporterOnCrash: 0, Is64bit: 1, IsPro: 1

COMMAND LINE ARGUMENTS:
C:\Program Files\Unity\Hub\Editor\2022.3.31f1\Editor\Unity.exe
-adb2
-batchMode
-noUpm
-name
AssetImportWorker5
-projectPath
C:/Users/Pongo/OneDrive/Documents/GameDev/WPG3/Mandala-Uireng/Mandala-Uireng
-logFile
Logs/AssetImportWorker5.log
-srvPort
62835
Successfully changed project path to: C:/Users/Pongo/OneDrive/Documents/GameDev/WPG3/Mandala-Uireng/Mandala-Uireng
C:/Users/Pongo/OneDrive/Documents/GameDev/WPG3/Mandala-Uireng/Mandala-Uireng
[UnityMemory] Configuration Parameters - Can be set up in boot.config
    "memorysetup-bucket-allocator-granularity=16"
    "memorysetup-bucket-allocator-bucket-count=8"
    "memorysetup-bucket-allocator-block-size=33554432"
    "memorysetup-bucket-allocator-block-count=8"
    "memorysetup-main-allocator-block-size=16777216"
    "memorysetup-thread-allocator-block-size=16777216"
    "memorysetup-gfx-main-allocator-block-size=16777216"
    "memorysetup-gfx-thread-allocator-block-size=16777216"
    "memorysetup-cache-allocator-block-size=4194304"
    "memorysetup-typetree-allocator-block-size=2097152"
    "memorysetup-profiler-bucket-allocator-granularity=16"
    "memorysetup-profiler-bucket-allocator-bucket-count=8"
    "memorysetup-profiler-bucket-allocator-block-size=33554432"
    "memorysetup-profiler-bucket-allocator-block-count=8"
    "memorysetup-profiler-allocator-block-size=16777216"
    "memorysetup-profiler-editor-allocator-block-size=1048576"
    "memorysetup-temp-allocator-size-main=16777216"
    "memorysetup-job-temp-allocator-block-size=2097152"
    "memorysetup-job-temp-allocator-block-size-background=1048576"
    "memorysetup-job-temp-allocator-reduction-small-platforms=262144"
    "memorysetup-allocator-temp-initial-block-size-main=262144"
    "memorysetup-allocator-temp-initial-block-size-worker=262144"
    "memorysetup-temp-allocator-size-background-worker=32768"
    "memorysetup-temp-allocator-size-job-worker=262144"
    "memorysetup-temp-allocator-size-preload-manager=33554432"
    "memorysetup-temp-allocator-size-nav-mesh-worker=65536"
    "memorysetup-temp-allocator-size-audio-worker=65536"
    "memorysetup-temp-allocator-size-cloud-worker=32768"
    "memorysetup-temp-allocator-size-gi-baking-worker=262144"
    "memorysetup-temp-allocator-size-gfx=262144"
Player connection [22368] Host "[IP] 192.168.0.123 [Port] 0 [Flags] 2 [Guid] 2382907393 [EditorId] 2382907393 [Version] 1048832 [Id] WindowsEditor(7,Tegar) [Debug] 1 [PackageName] WindowsEditor [ProjectName] Editor" joined multi-casting on [225.0.0.222:54997]...

Player connection [22368] Host "[IP] 192.168.0.123 [Port] 0 [Flags] 2 [Guid] 2382907393 [EditorId] 2382907393 [Version] 1048832 [Id] WindowsEditor(7,Tegar) [Debug] 1 [PackageName] WindowsEditor [ProjectName] Editor" joined alternative multi-casting on [225.0.0.222:34997]...

[PhysX] Initialized MultithreadedTaskDispatcher with 16 workers.
Refreshing native plugins compatible for Editor in 7.41 ms, found 3 plugins.
Preloading 0 native plugins for Editor in 0.00 ms.
Initialize engine version: 2022.3.31f1 (4ede2d13e8b4)
[Subsystems] Discovering subsystems at path C:/Program Files/Unity/Hub/Editor/2022.3.31f1/Editor/Data/Resources/UnitySubsystems
[Subsystems] Discovering subsystems at path C:/Users/Pongo/OneDrive/Documents/GameDev/WPG3/Mandala-Uireng/Mandala-Uireng/Assets
GfxDevice: creating device client; threaded=0; jobified=0
Direct3D:
    Version:  Direct3D 11.0 [level 11.1]
    Renderer: NVIDIA GeForce RTX 2050 (ID=0x25ad)
    Vendor:   NVIDIA
    VRAM:     3977 MB
    Driver:   31.0.15.3753
Initialize mono
Mono path[0] = 'C:/Program Files/Unity/Hub/Editor/2022.3.31f1/Editor/Data/Managed'
Mono path[1] = 'C:/Program Files/Unity/Hub/Editor/2022.3.31f1/Editor/Data/MonoBleedingEdge/lib/mono/unityjit-win32'
Mono config path = 'C:/Program Files/Unity/Hub/Editor/2022.3.31f1/Editor/Data/MonoBleedingEdge/etc'
Using monoOptions --debugger-agent=transport=dt_socket,embedding=1,server=y,suspend=n,address=127.0.0.1:56292
Begin MonoManager ReloadAssembly
Registering precompiled unity dll's ...
Register platform support module: C:/Program Files/Unity/Hub/Editor/2022.3.31f1/Editor/Data/PlaybackEngines/WindowsStandaloneSupport/UnityEditor.WindowsStandalone.Extensions.dll
Registered in 0.003382 seconds.
- Loaded All Assemblies, in  0.236 seconds
Native extension for WindowsStandalone target not found
Mono: successfully reloaded assembly
- Finished resetting the current domain, in  0.202 seconds
Domain Reload Profiling: 438ms
	BeginReloadAssembly (76ms)
		ExecutionOrderSort (0ms)
		DisableScriptedObjects (0ms)
		BackupInstance (0ms)
		ReleaseScriptingObjects (0ms)
		CreateAndSetChildDomain (1ms)
	RebuildCommonClasses (22ms)
	RebuildNativeTypeToScriptingClass (8ms)
	initialDomainReloadingComplete (37ms)
	LoadAllAssembliesAndSetupDomain (92ms)
		LoadAssemblies (75ms)
		RebuildTransferFunctionScriptingTraits (0ms)
		AnalyzeDomain (91ms)
			TypeCache.Refresh (90ms)
				TypeCache.ScanAssembly (80ms)
			ScanForSourceGeneratedMonoScriptInfo (0ms)
			ResolveRequiredComponents (0ms)
	FinalizeReload (202ms)
		ReleaseScriptCaches (0ms)
		RebuildScriptCaches (0ms)
		SetupLoadedEditorAssemblies (161ms)
			LogAssemblyErrors (0ms)
			InitializePlatformSupportModulesInManaged (7ms)
			SetLoadedEditorAssemblies (6ms)
			RefreshPlugins (0ms)
			BeforeProcessingInitializeOnLoad (2ms)
			ProcessInitializeOnLoadAttributes (108ms)
			ProcessInitializeOnLoadMethodAttributes (39ms)
			AfterProcessingInitializeOnLoad (0ms)
			EditorAssembliesLoaded (0ms)
		ExecutionOrderSort2 (0ms)
		AwakeInstancesAfterBackupRestoration (0ms)
========================================================================
Worker process is ready to serve import requests
Begin MonoManager ReloadAssembly
- Loaded All Assemblies, in  0.470 seconds
Refreshing native plugins compatible for Editor in 2.42 ms, found 3 plugins.
Native extension for WindowsStandalone target not found
Package Manager log level set to [2]
[Package Manager] Server::EnsureServerProcessIsRunning -- launch failed, reason: Unity was launched with the -noUpm command-line argument
[Package Manager] UpmClient::Send -- Unable to send message (not connected to UPM process).
[Package Manager] Cannot connect to Unity Package Manager local server
Mono: successfully reloaded assembly
- Finished resetting the current domain, in  0.598 seconds
Domain Reload Profiling: 1067ms
	BeginReloadAssembly (108ms)
		ExecutionOrderSort (0ms)
		DisableScriptedObjects (4ms)
		BackupInstance (0ms)
		ReleaseScriptingObjects (0ms)
		CreateAndSetChildDomain (17ms)
	RebuildCommonClasses (29ms)
	RebuildNativeTypeToScriptingClass (7ms)
	initialDomainReloadingComplete (29ms)
	LoadAllAssembliesAndSetupDomain (296ms)
		LoadAssemblies (222ms)
		RebuildTransferFunctionScriptingTraits (0ms)
		AnalyzeDomain (137ms)
			TypeCache.Refresh (115ms)
				TypeCache.ScanAssembly (103ms)
			ScanForSourceGeneratedMonoScriptInfo (15ms)
			ResolveRequiredComponents (7ms)
	FinalizeReload (598ms)
		ReleaseScriptCaches (0ms)
		RebuildScriptCaches (0ms)
		SetupLoadedEditorAssemblies (488ms)
			LogAssemblyErrors (0ms)
			InitializePlatformSupportModulesInManaged (4ms)
			SetLoadedEditorAssemblies (3ms)
			RefreshPlugins (0ms)
			BeforeProcessingInitializeOnLoad (49ms)
			ProcessInitializeOnLoadAttributes (390ms)
			ProcessInitializeOnLoadMethodAttributes (38ms)
			AfterProcessingInitializeOnLoad (4ms)
			EditorAssembliesLoaded (0ms)
		ExecutionOrderSort2 (0ms)
		AwakeInstancesAfterBackupRestoration (6ms)
Launched and connected shader compiler UnityShaderCompiler.exe after 0.03 seconds
Refreshing native plugins compatible for Editor in 2.10 ms, found 3 plugins.
Preloading 0 native plugins for Editor in 0.00 ms.
Unloading 4935 Unused Serialized files (Serialized files now loaded: 0)
Unloading 66 unused Assets / (347.1 KB). Loaded Objects now: 5392.
Memory consumption went from 200.1 MB to 199.7 MB.
Total: 3.109100 ms (FindLiveObjects: 0.278900 ms CreateObjectMapping: 0.157900 ms MarkObjects: 2.503700 ms  DeleteObjects: 0.168000 ms)

AssetImportParameters requested are different than current active one (requested -> active):
  custom:container-demuxer-ogg: 62fdf1f143b41e24485cea50d1cbac27 -> 
  custom:video-codec-MediaFoundation-h265: 746d11721c4dcdbdad8f713fa42b33f4 -> 
  custom:video-decoder-ogg-theora: a1e56fd34408186e4bbccfd4996cb3dc -> 
  custom:framework-win-MediaFoundation: 216162199b28c13a410421893ffa2e32 -> 
  custom:CustomObjectIndexerAttribute: 72b91833f83ae208fae7752999fa3104 -> 
  custom:container-demuxer-webm: 4f35f7cbe854078d1ac9338744f61a02 -> 
  custom:container-muxer-webm: aa71ff27fc2769a1b78a27578f13a17b -> 
  custom:video-decoder-webm-vp8: 9c59270c3fd7afecdb556c50c9e8de78 -> 
  custom:SearchIndexIgnoredProperties: e643bd26f0fe6173181afceb89e7c659 -> 
  custom:AudioImporter_EditorPlatform: d09bf68614088b80899f8185d706f6e7 -> 
  custom:video-encoder-webm-vp8: eb34c28f22e8b96e1ab97ce403110664 -> 
  custom:audio-decoder-ogg-vorbis: bf7c407c2cedff20999df2af8eb42d56 -> 
  custom:audio-encoder-webm-vorbis: bf7c407c2cedff20999df2af8eb42d56 -> 
========================================================================
Received Import Request.
  Time since last request: 4367.629325 seconds.
  path: Assets/Modular European House/Prefabs/Building_Moduls/Balcony.prefab
  artifactKey: Guid(d6277c516f66996448c56ae153107abb) Importer(815301076,1909f56bfc062723c751e8b465ee728b)
Start importing Assets/Modular European House/Prefabs/Building_Moduls/Balcony.prefab using Guid(d6277c516f66996448c56ae153107abb) Importer(815301076,1909f56bfc062723c751e8b465ee728b) [PhysX] Initialized MultithreadedTaskDispatcher with 16 workers.
[PhysX] Initialized MultithreadedTaskDispatcher with 16 workers.
 -> (artifact id: 'fb048183d1e556bc737b6bfdadb1fd69') in 0.342516 seconds
Number of updated asset objects reloaded before import = 0
Number of asset objects unloaded after import = 20
========================================================================
Received Import Request.
  Time since last request: 0.000037 seconds.
  path: Assets/Modular European House/Prefabs/Building_Moduls/Top_Corner.prefab
  artifactKey: Guid(0bf45584df424a542ae54fbe70e7ee5c) Importer(815301076,1909f56bfc062723c751e8b465ee728b)
Start importing Assets/Modular European House/Prefabs/Building_Moduls/Top_Corner.prefab using Guid(0bf45584df424a542ae54fbe70e7ee5c) Importer(815301076,1909f56bfc062723c751e8b465ee728b) [PhysX] Initialized MultithreadedTaskDispatcher with 16 workers.
[PhysX] Initialized MultithreadedTaskDispatcher with 16 workers.
 -> (artifact id: '9c1e0b61eba8f880446d6ebc4285fbc5') in 0.018773 seconds
Number of updated asset objects reloaded before import = 0
Number of asset objects unloaded after import = 19
========================================================================
Received Import Request.
  Time since last request: 0.000036 seconds.
  path: Assets/Modular European House/Prefabs/Building_Moduls/Window_Frame_1.prefab
  artifactKey: Guid(8f68f9880cc1fe9449930942a3185881) Importer(815301076,1909f56bfc062723c751e8b465ee728b)
Start importing Assets/Modular European House/Prefabs/Building_Moduls/Window_Frame_1.prefab using Guid(8f68f9880cc1fe9449930942a3185881) Importer(815301076,1909f56bfc062723c751e8b465ee728b) [PhysX] Initialized MultithreadedTaskDispatcher with 16 workers.
[PhysX] Initialized MultithreadedTaskDispatcher with 16 workers.
 -> (artifact id: '51e174a261c9a9d45e6a8aa873e7fd2e') in 0.015846 seconds
Number of updated asset objects reloaded before import = 0
Number of asset objects unloaded after import = 19
========================================================================
Received Import Request.
  Time since last request: 0.000028 seconds.
  path: Assets/Modular European House/Prefabs/Building_Moduls/Stairs.prefab
  artifactKey: Guid(d0afe8cea2e45c748af33c254c868748) Importer(815301076,1909f56bfc062723c751e8b465ee728b)
Start importing Assets/Modular European House/Prefabs/Building_Moduls/Stairs.prefab using Guid(d0afe8cea2e45c748af33c254c868748) Importer(815301076,1909f56bfc062723c751e8b465ee728b) [PhysX] Initialized MultithreadedTaskDispatcher with 16 workers.
[PhysX] Initialized MultithreadedTaskDispatcher with 16 workers.
 -> (artifact id: '4a9364c1ec0dcb476cf2b37065f359e8') in 0.017293 seconds
Number of updated asset objects reloaded before import = 0
Number of asset objects unloaded after import = 19
========================================================================
Received Import Request.
  Time since last request: 0.000017 seconds.
  path: Assets/Modular European House/Prefabs/Building_Moduls/Pilaster_Corner.prefab
  artifactKey: Guid(ede4e49898ff057458c2c1b58bc6917b) Importer(815301076,1909f56bfc062723c751e8b465ee728b)
Start importing Assets/Modular European House/Prefabs/Building_Moduls/Pilaster_Corner.prefab using Guid(ede4e49898ff057458c2c1b58bc6917b) Importer(815301076,1909f56bfc062723c751e8b465ee728b) [PhysX] Initialized MultithreadedTaskDispatcher with 16 workers.
[PhysX] Initialized MultithreadedTaskDispatcher with 16 workers.
 -> (artifact id: '92e8a9d1d003c5055c4587f458ed4312') in 0.017700 seconds
Number of updated asset objects reloaded before import = 0
Number of asset objects unloaded after import = 19
========================================================================
Received Import Request.
  Time since last request: 0.000032 seconds.
  path: Assets/Modular European House/Prefabs/Building_Moduls/Wall_Biege.prefab
  artifactKey: Guid(bd97d6a3c890c964681f66a53f0f9977) Importer(815301076,1909f56bfc062723c751e8b465ee728b)
Start importing Assets/Modular European House/Prefabs/Building_Moduls/Wall_Biege.prefab using Guid(bd97d6a3c890c964681f66a53f0f9977) Importer(815301076,1909f56bfc062723c751e8b465ee728b) [PhysX] Initialized MultithreadedTaskDispatcher with 16 workers.
[PhysX] Initialized MultithreadedTaskDispatcher with 16 workers.
 -> (artifact id: 'c5330fe9d42390727668e0113eed464f') in 0.018234 seconds
Number of updated asset objects reloaded before import = 0
Number of asset objects unloaded after import = 19
========================================================================
Received Import Request.
  Time since last request: 0.000025 seconds.
  path: Assets/Modular European House/Prefabs/Building_Moduls/Cornice.prefab
  artifactKey: Guid(f3d44fa4beb5348429db5a4ba21fc63b) Importer(815301076,1909f56bfc062723c751e8b465ee728b)
Start importing Assets/Modular European House/Prefabs/Building_Moduls/Cornice.prefab using Guid(f3d44fa4beb5348429db5a4ba21fc63b) Importer(815301076,1909f56bfc062723c751e8b465ee728b) [PhysX] Initialized MultithreadedTaskDispatcher with 16 workers.
[PhysX] Initialized MultithreadedTaskDispatcher with 16 workers.
 -> (artifact id: '1b9802866da5735ea7e6aceebcbe21cc') in 0.020298 seconds
Number of updated asset objects reloaded before import = 0
Number of asset objects unloaded after import = 19
========================================================================
Received Import Request.
  Time since last request: 0.000025 seconds.
  path: Assets/Modular European House/Prefabs/Building_Moduls/Base_Corner.prefab
  artifactKey: Guid(f1e91b8425c8e7f4883c45a7d9971673) Importer(815301076,1909f56bfc062723c751e8b465ee728b)
Start importing Assets/Modular European House/Prefabs/Building_Moduls/Base_Corner.prefab using Guid(f1e91b8425c8e7f4883c45a7d9971673) Importer(815301076,1909f56bfc062723c751e8b465ee728b) [PhysX] Initialized MultithreadedTaskDispatcher with 16 workers.
[PhysX] Initialized MultithreadedTaskDispatcher with 16 workers.
 -> (artifact id: 'c6afca292d6c326d461455a9900d44ec') in 0.019988 seconds
Number of updated asset objects reloaded before import = 0
Number of asset objects unloaded after import = 19
========================================================================
Received Import Request.
  Time since last request: 0.000023 seconds.
  path: Assets/Modular European House/Prefabs/Building_Moduls/Window_1_Glass_2.prefab
  artifactKey: Guid(05a6ab675cf14904a97e2b7b2c8c378f) Importer(815301076,1909f56bfc062723c751e8b465ee728b)
Start importing Assets/Modular European House/Prefabs/Building_Moduls/Window_1_Glass_2.prefab using Guid(05a6ab675cf14904a97e2b7b2c8c378f) Importer(815301076,1909f56bfc062723c751e8b465ee728b) [PhysX] Initialized MultithreadedTaskDispatcher with 16 workers.
[PhysX] Initialized MultithreadedTaskDispatcher with 16 workers.
 -> (artifact id: '9c11070701b60305be06d174b9bf092d') in 0.021365 seconds
Number of updated asset objects reloaded before import = 0
Number of asset objects unloaded after import = 19
========================================================================
Received Import Request.
  Time since last request: 8.344435 seconds.
  path: Assets/Modular European House/Prefabs/Cypress.prefab
  artifactKey: Guid(d6242fa859fbb5444a4ef81aad4d991a) Importer(815301076,1909f56bfc062723c751e8b465ee728b)
Start importing Assets/Modular European House/Prefabs/Cypress.prefab using Guid(d6242fa859fbb5444a4ef81aad4d991a) Importer(815301076,1909f56bfc062723c751e8b465ee728b) [PhysX] Initialized MultithreadedTaskDispatcher with 16 workers.
[PhysX] Initialized MultithreadedTaskDispatcher with 16 workers.
 -> (artifact id: '459572f3909a5bac0b142227acb32a8f') in 0.037744 seconds
Number of updated asset objects reloaded before import = 0
Number of asset objects unloaded after import = 18
========================================================================
Received Import Request.
  Time since last request: 3.102912 seconds.
  path: Assets/Modular European House/Textures/Basecolor/T_Pavement_BC.tif
  artifactKey: Guid(f760d2da5ad5209438bf7b927dc64410) Importer(815301076,1909f56bfc062723c751e8b465ee728b)
Start importing Assets/Modular European House/Textures/Basecolor/T_Pavement_BC.tif using Guid(f760d2da5ad5209438bf7b927dc64410) Importer(815301076,1909f56bfc062723c751e8b465ee728b) [PhysX] Initialized MultithreadedTaskDispatcher with 16 workers.
[PhysX] Initialized MultithreadedTaskDispatcher with 16 workers.
 -> (artifact id: '4605caab9bd42d6ef4dcc220e8dda5ae') in 0.025594 seconds
Number of updated asset objects reloaded before import = 0
Number of asset objects unloaded after import = 2
========================================================================
Received Import Request.
  Time since last request: 4.690479 seconds.
  path: Assets/Modular European House/Textures/Basecolor/Building_Parts/T_Bases_BC.tif
  artifactKey: Guid(018cc056200930d489f8e904c51cdd20) Importer(815301076,1909f56bfc062723c751e8b465ee728b)
Start importing Assets/Modular European House/Textures/Basecolor/Building_Parts/T_Bases_BC.tif using Guid(018cc056200930d489f8e904c51cdd20) Importer(815301076,1909f56bfc062723c751e8b465ee728b) [PhysX] Initialized MultithreadedTaskDispatcher with 16 workers.
[PhysX] Initialized MultithreadedTaskDispatcher with 16 workers.
 -> (artifact id: 'e2d9273c2c3e802e7e4ff94bcb4308aa') in 0.025722 seconds
Number of updated asset objects reloaded before import = 0
Number of asset objects unloaded after import = 2
========================================================================
Received Import Request.
  Time since last request: 0.000129 seconds.
  path: Assets/Modular European House/Textures/Basecolor/Building_Parts/T_Pilasters_BC.tif
  artifactKey: Guid(90dbed9662cea314499a594d106808a2) Importer(815301076,1909f56bfc062723c751e8b465ee728b)
Start importing Assets/Modular European House/Textures/Basecolor/Building_Parts/T_Pilasters_BC.tif using Guid(90dbed9662cea314499a594d106808a2) Importer(815301076,1909f56bfc062723c751e8b465ee728b) [PhysX] Initialized MultithreadedTaskDispatcher with 16 workers.
[PhysX] Initialized MultithreadedTaskDispatcher with 16 workers.
 -> (artifact id: 'cb39441983d5946574b30a4bbc4d0ae0') in 0.023102 seconds
Number of updated asset objects reloaded before import = 0
Number of asset objects unloaded after import = 2
========================================================================
Received Import Request.
  Time since last request: 0.000019 seconds.
  path: Assets/Modular European House/Textures/Basecolor/Building_Parts/T_Stairs_BC.tif
  artifactKey: Guid(79d23101119f901478e3fadf67ca2eed) Importer(815301076,1909f56bfc062723c751e8b465ee728b)
Start importing Assets/Modular European House/Textures/Basecolor/Building_Parts/T_Stairs_BC.tif using Guid(79d23101119f901478e3fadf67ca2eed) Importer(815301076,1909f56bfc062723c751e8b465ee728b) [PhysX] Initialized MultithreadedTaskDispatcher with 16 workers.
[PhysX] Initialized MultithreadedTaskDispatcher with 16 workers.
 -> (artifact id: '65757e4d6e269dfbd3fec721043910c5') in 0.015291 seconds
Number of updated asset objects reloaded before import = 0
Number of asset objects unloaded after import = 2
========================================================================
Received Import Request.
  Time since last request: 0.000026 seconds.
  path: Assets/Modular European House/Textures/Basecolor/Building_Parts/T_Door_1_BC.tif
  artifactKey: Guid(9f2d0646700f138439fd539bd2bacae1) Importer(815301076,1909f56bfc062723c751e8b465ee728b)
Start importing Assets/Modular European House/Textures/Basecolor/Building_Parts/T_Door_1_BC.tif using Guid(9f2d0646700f138439fd539bd2bacae1) Importer(815301076,1909f56bfc062723c751e8b465ee728b) [PhysX] Initialized MultithreadedTaskDispatcher with 16 workers.
[PhysX] Initialized MultithreadedTaskDispatcher with 16 workers.
 -> (artifact id: '6064240250194fcc67e616819b64a39e') in 0.015677 seconds
Number of updated asset objects reloaded before import = 0
Number of asset objects unloaded after import = 2
========================================================================
Received Import Request.
  Time since last request: 7.221045 seconds.
  path: Assets/Modular European House/Textures/Metallic/Building_Parts/T_Bases_M.tif
  artifactKey: Guid(f17cb32eb01f1a749bc7eb57d47ea038) Importer(815301076,1909f56bfc062723c751e8b465ee728b)
Start importing Assets/Modular European House/Textures/Metallic/Building_Parts/T_Bases_M.tif using Guid(f17cb32eb01f1a749bc7eb57d47ea038) Importer(815301076,1909f56bfc062723c751e8b465ee728b) [PhysX] Initialized MultithreadedTaskDispatcher with 16 workers.
[PhysX] Initialized MultithreadedTaskDispatcher with 16 workers.
 -> (artifact id: '32dd4608e098ad5db32d47ce164bffbb') in 0.021615 seconds
Number of updated asset objects reloaded before import = 0
Number of asset objects unloaded after import = 2
========================================================================
Received Import Request.
  Time since last request: 0.000197 seconds.
  path: Assets/Modular European House/Textures/Metallic/Building_Parts/T_Stairs_M.tif
  artifactKey: Guid(79e2d14da6e73724f8e6dbd69b48597f) Importer(815301076,1909f56bfc062723c751e8b465ee728b)
Start importing Assets/Modular European House/Textures/Metallic/Building_Parts/T_Stairs_M.tif using Guid(79e2d14da6e73724f8e6dbd69b48597f) Importer(815301076,1909f56bfc062723c751e8b465ee728b) [PhysX] Initialized MultithreadedTaskDispatcher with 16 workers.
[PhysX] Initialized MultithreadedTaskDispatcher with 16 workers.
 -> (artifact id: '7c23340993ef37926ca5158d2550a288') in 0.014820 seconds
Number of updated asset objects reloaded before import = 0
Number of asset objects unloaded after import = 2
========================================================================
Received Import Request.
  Time since last request: 0.000022 seconds.
  path: Assets/Modular European House/Textures/Metallic/Building_Parts/T_Wall_Orange_2_M.tif
  artifactKey: Guid(bb23b3a6d33b92c429f7702fc2228b29) Importer(815301076,1909f56bfc062723c751e8b465ee728b)
Start importing Assets/Modular European House/Textures/Metallic/Building_Parts/T_Wall_Orange_2_M.tif using Guid(bb23b3a6d33b92c429f7702fc2228b29) Importer(815301076,1909f56bfc062723c751e8b465ee728b) [PhysX] Initialized MultithreadedTaskDispatcher with 16 workers.
[PhysX] Initialized MultithreadedTaskDispatcher with 16 workers.
 -> (artifact id: '8857561463acb68bb265b9dd8e0cd77c') in 0.010994 seconds
Number of updated asset objects reloaded before import = 0
Number of asset objects unloaded after import = 2
Editor requested this worker to shutdown with reason: Scaling down because of idle timeout
TcpMessagingSession - receive error: operation aborted. errorcode: 995, details: The I/O operation has been aborted because of either a thread exit or an application request.
AssetImportWorker is now disconnected from the server
Process exiting
Exiting without the bug reporter. Application will terminate with return code 0